<?xml version="1.0" encoding="UTF-8"?>
<testsuites>
  <testsuite name="CLI Arguments" tests="24" assertions="55" errors="0" failures="2" skipped="0" time="0.635119">
    <testsuite name="Tests\Unit\Domain\ValueObjects\CpfTest" file="D:\Projetos\wamp64\www\adx-global-base\api\tests\unit\Domain\ValueObjects\CpfTest.php" tests="4" assertions="10" errors="0" failures="0" skipped="0" time="0.097007">
      <testcase name="testDeveAceitarCpfValidoComESemMascara" file="D:\Projetos\wamp64\www\adx-global-base\api\tests\unit\Domain\ValueObjects\CpfTest.php" line="16" class="Tests\Unit\Domain\ValueObjects\CpfTest" classname="Tests.Unit.Domain.ValueObjects.CpfTest" assertions="4" time="0.092589"/>
      <testcase name="testDeveFalharComCpfMatematicamenteInvalido" file="D:\Projetos\wamp64\www\adx-global-base\api\tests\unit\Domain\ValueObjects\CpfTest.php" line="29" class="Tests\Unit\Domain\ValueObjects\CpfTest" classname="Tests.Unit.Domain.ValueObjects.CpfTest" assertions="2" time="0.002564"/>
      <testcase name="testDeveFalharComCpfDeTamanhoErrado" file="D:\Projetos\wamp64\www\adx-global-base\api\tests\unit\Domain\ValueObjects\CpfTest.php" line="40" class="Tests\Unit\Domain\ValueObjects\CpfTest" classname="Tests.Unit.Domain.ValueObjects.CpfTest" assertions="2" time="0.001009"/>
      <testcase name="testDeveFalharComCpfDeNumerosRepetidos" file="D:\Projetos\wamp64\www\adx-global-base\api\tests\unit\Domain\ValueObjects\CpfTest.php" line="51" class="Tests\Unit\Domain\ValueObjects\CpfTest" classname="Tests.Unit.Domain.ValueObjects.CpfTest" assertions="2" time="0.000845"/>
    </testsuite>
    <testsuite name="Tests\Unit\Domain\ValueObjects\EmailTest" file="D:\Projetos\wamp64\www\adx-global-base\api\tests\unit\Domain\ValueObjects\EmailTest.php" tests="7" assertions="16" errors="0" failures="0" skipped="0" time="0.007759">
      <testsuite name="Tests\Unit\Domain\ValueObjects\EmailTest::testValidacaoDeEmail" tests="7" assertions="16" errors="0" failures="0" skipped="0" time="0.007759">
        <testcase name="testValidacaoDeEmail with data set &quot;E-mail válido Hausti&quot;" file="D:\Projetos\wamp64\www\adx-global-base\api\tests\unit\Domain\ValueObjects\EmailTest.php" line="19" class="Tests\Unit\Domain\ValueObjects\EmailTest" classname="Tests.Unit.Domain.ValueObjects.EmailTest" assertions="3" time="0.002431"/>
        <testcase name="testValidacaoDeEmail with data set &quot;E-mail com subdomínio&quot;" file="D:\Projetos\wamp64\www\adx-global-base\api\tests\unit\Domain\ValueObjects\EmailTest.php" line="19" class="Tests\Unit\Domain\ValueObjects\EmailTest" classname="Tests.Unit.Domain.ValueObjects.EmailTest" assertions="3" time="0.000865"/>
        <testcase name="testValidacaoDeEmail with data set &quot;E-mail vazio&quot;" file="D:\Projetos\wamp64\www\adx-global-base\api\tests\unit\Domain\ValueObjects\EmailTest.php" line="19" class="Tests\Unit\Domain\ValueObjects\EmailTest" classname="Tests.Unit.Domain.ValueObjects.EmailTest" assertions="2" time="0.001238"/>
        <testcase name="testValidacaoDeEmail with data set &quot;E-mail sem arroba&quot;" file="D:\Projetos\wamp64\www\adx-global-base\api\tests\unit\Domain\ValueObjects\EmailTest.php" line="19" class="Tests\Unit\Domain\ValueObjects\EmailTest" classname="Tests.Unit.Domain.ValueObjects.EmailTest" assertions="2" time="0.000898"/>
        <testcase name="testValidacaoDeEmail with data set &quot;E-mail sem domínio&quot;" file="D:\Projetos\wamp64\www\adx-global-base\api\tests\unit\Domain\ValueObjects\EmailTest.php" line="19" class="Tests\Unit\Domain\ValueObjects\EmailTest" classname="Tests.Unit.Domain.ValueObjects.EmailTest" assertions="2" time="0.000819"/>
        <testcase name="testValidacaoDeEmail with data set &quot;E-mail apenas espaços&quot;" file="D:\Projetos\wamp64\www\adx-global-base\api\tests\unit\Domain\ValueObjects\EmailTest.php" line="19" class="Tests\Unit\Domain\ValueObjects\EmailTest" classname="Tests.Unit.Domain.ValueObjects.EmailTest" assertions="2" time="0.000757"/>
        <testcase name="testValidacaoDeEmail with data set &quot;E-mail inválido&quot;" file="D:\Projetos\wamp64\www\adx-global-base\api\tests\unit\Domain\ValueObjects\EmailTest.php" line="19" class="Tests\Unit\Domain\ValueObjects\EmailTest" classname="Tests.Unit.Domain.ValueObjects.EmailTest" assertions="2" time="0.000751"/>
      </testsuite>
    </testsuite>
    <testsuite name="Tests\Unit\Domain\ValueObjects\MockFailureTest" file="D:\Projetos\wamp64\www\adx-global-base\api\tests\unit\Domain\ValueObjects\MockFailureTest.php" tests="2" assertions="2" errors="0" failures="2" skipped="0" time="0.141474">
      <testcase name="testSimularFalhaDeValidacao" file="D:\Projetos\wamp64\www\adx-global-base\api\tests\unit\Domain\ValueObjects\MockFailureTest.php" line="13" class="Tests\Unit\Domain\ValueObjects\MockFailureTest" classname="Tests.Unit.Domain.ValueObjects.MockFailureTest" assertions="1" time="0.140958">
        <failure type="PHPUnit\Framework\ExpectationFailedException">Tests\Unit\Domain\ValueObjects\MockFailureTest::testSimularFalhaDeValidacao&#13;
A API retornou status de falha inesperado.
Failed asserting that two strings are identical.
--- Expected
+++ Actual
@@ @@
-'success'
+'failed'
&#13;
D:\Projetos\wamp64\www\adx-global-base\api\tests\unit\Domain\ValueObjects\MockFailureTest.php:17</failure>
      </testcase>
      <testcase name="testSimularErroCalculoDígito" file="D:\Projetos\wamp64\www\adx-global-base\api\tests\unit\Domain\ValueObjects\MockFailureTest.php" line="23" class="Tests\Unit\Domain\ValueObjects\MockFailureTest" classname="Tests.Unit.Domain.ValueObjects.MockFailureTest" assertions="1" time="0.000516">
        <failure type="PHPUnit\Framework\ExpectationFailedException">Tests\Unit\Domain\ValueObjects\MockFailureTest::testSimularErroCalculoDígito&#13;
O dígito verificador calculado matematicamente está incorreto.
Failed asserting that 5 matches expected 9.
&#13;
D:\Projetos\wamp64\www\adx-global-base\api\tests\unit\Domain\ValueObjects\MockFailureTest.php:27</failure>
      </testcase>
    </testsuite>
    <testsuite name="Tests\Unit\Domain\ValueObjects\PasswordTest" file="D:\Projetos\wamp64\www\adx-global-base\api\tests\unit\Domain\ValueObjects\PasswordTest.php" tests="5" assertions="11" errors="0" failures="0" skipped="0" time="0.370668">
      <testsuite name="Tests\Unit\Domain\ValueObjects\PasswordTest::testValidacaoDeSenha" tests="3" assertions="7" errors="0" failures="0" skipped="0" time="0.369126">
        <testcase name="testValidacaoDeSenha with data set &quot;Senha válida&quot;" file="D:\Projetos\wamp64\www\adx-global-base\api\tests\unit\Domain\ValueObjects\PasswordTest.php" line="15" class="Tests\Unit\Domain\ValueObjects\PasswordTest" classname="Tests.Unit.Domain.ValueObjects.PasswordTest" assertions="3" time="0.366609"/>
        <testcase name="testValidacaoDeSenha with data set &quot;Senha vazia&quot;" file="D:\Projetos\wamp64\www\adx-global-base\api\tests\unit\Domain\ValueObjects\PasswordTest.php" line="15" class="Tests\Unit\Domain\ValueObjects\PasswordTest" classname="Tests.Unit.Domain.ValueObjects.PasswordTest" assertions="2" time="0.001565"/>
        <testcase name="testValidacaoDeSenha with data set &quot;Senha curta&quot;" file="D:\Projetos\wamp64\www\adx-global-base\api\tests\unit\Domain\ValueObjects\PasswordTest.php" line="15" class="Tests\Unit\Domain\ValueObjects\PasswordTest" classname="Tests.Unit.Domain.ValueObjects.PasswordTest" assertions="2" time="0.000951"/>
      </testsuite>
      <testsuite name="Tests\Unit\Domain\ValueObjects\PasswordTest::testReconstituicaoDeHash" tests="2" assertions="4" errors="0" failures="0" skipped="0" time="0.001543">
        <testcase name="testReconstituicaoDeHash with data set &quot;Hash válido&quot;" file="D:\Projetos\wamp64\www\adx-global-base\api\tests\unit\Domain\ValueObjects\PasswordTest.php" line="48" class="Tests\Unit\Domain\ValueObjects\PasswordTest" classname="Tests.Unit.Domain.ValueObjects.PasswordTest" assertions="2" time="0.000788"/>
        <testcase name="testReconstituicaoDeHash with data set &quot;Hash vazio&quot;" file="D:\Projetos\wamp64\www\adx-global-base\api\tests\unit\Domain\ValueObjects\PasswordTest.php" line="48" class="Tests\Unit\Domain\ValueObjects\PasswordTest" classname="Tests.Unit.Domain.ValueObjects.PasswordTest" assertions="2" time="0.000755"/>
      </testsuite>
    </testsuite>
    <testsuite name="Tests\Unit\Domain\ValueObjects\UuidTest" file="D:\Projetos\wamp64\www\adx-global-base\api\tests\unit\Domain\ValueObjects\UuidTest.php" tests="6" assertions="16" errors="0" failures="0" skipped="0" time="0.018211">
      <testsuite name="Tests\Unit\Domain\ValueObjects\UuidTest::testValidacaoDeUuid" tests="4" assertions="10" errors="0" failures="0" skipped="0" time="0.003884">
        <testcase name="testValidacaoDeUuid with data set &quot;UUID Válido Com Hifens&quot;" file="D:\Projetos\wamp64\www\adx-global-base\api\tests\unit\Domain\ValueObjects\UuidTest.php" line="19" class="Tests\Unit\Domain\ValueObjects\UuidTest" classname="Tests.Unit.Domain.ValueObjects.UuidTest" assertions="3" time="0.001206"/>
        <testcase name="testValidacaoDeUuid with data set &quot;UUID Válido Sem Hifens&quot;" file="D:\Projetos\wamp64\www\adx-global-base\api\tests\unit\Domain\ValueObjects\UuidTest.php" line="19" class="Tests\Unit\Domain\ValueObjects\UuidTest" classname="Tests.Unit.Domain.ValueObjects.UuidTest" assertions="3" time="0.001027"/>
        <testcase name="testValidacaoDeUuid with data set &quot;UUID Inválido Formato&quot;" file="D:\Projetos\wamp64\www\adx-global-base\api\tests\unit\Domain\ValueObjects\UuidTest.php" line="19" class="Tests\Unit\Domain\ValueObjects\UuidTest" classname="Tests.Unit.Domain.ValueObjects.UuidTest" assertions="2" time="0.000866"/>
        <testcase name="testValidacaoDeUuid with data set &quot;UUID Vazio&quot;" file="D:\Projetos\wamp64\www\adx-global-base\api\tests\unit\Domain\ValueObjects\UuidTest.php" line="19" class="Tests\Unit\Domain\ValueObjects\UuidTest" classname="Tests.Unit.Domain.ValueObjects.UuidTest" assertions="2" time="0.000785"/>
      </testsuite>
      <testcase name="testGeracaoDinamicaDeUuid" file="D:\Projetos\wamp64\www\adx-global-base\api\tests\unit\Domain\ValueObjects\UuidTest.php" line="55" class="Tests\Unit\Domain\ValueObjects\UuidTest" classname="Tests.Unit.Domain.ValueObjects.UuidTest" assertions="3" time="0.013389"/>
      <testcase name="testReconstituicaoDeBinario" file="D:\Projetos\wamp64\www\adx-global-base\api\tests\unit\Domain\ValueObjects\UuidTest.php" line="69" class="Tests\Unit\Domain\ValueObjects\UuidTest" classname="Tests.Unit.Domain.ValueObjects.UuidTest" assertions="3" time="0.000938"/>
    </testsuite>
  </testsuite>
</testsuites>
